[INFO ] 2024-06-27 21:13:54.812 - Init Page Driver
[INFO ] 2024-06-27 21:14:05.260 - In Hooks
[INFO ] 2024-06-27 21:21:54.201 - Init Page Driver
[INFO ] 2024-06-27 21:22:04.314 - In Hooks
[INFO ] 2024-06-27 21:37:36.769 - Init Page Driver
[INFO ] 2024-06-27 21:37:47.348 - In Hooks
[INFO ] 2024-06-27 21:39:06.648 - Init Page Driver
[INFO ] 2024-06-27 21:39:18.451 - In Hooks
[INFO ] 2024-06-27 21:41:11.786 - Init Page Driver
[INFO ] 2024-06-27 21:41:23.189 - In Hooks
[INFO ] 2024-06-27 21:42:44.582 - Init Page Driver
[INFO ] 2024-06-27 21:42:56.528 - In Hooks
[INFO ] 2024-06-27 21:44:51.661 - Init Page Driver
[INFO ] 2024-06-27 21:45:02.404 - In Hooks
[INFO ] 2024-06-27 21:54:27.933 - Init Page Driver
[INFO ] 2024-06-27 21:54:38.399 - In Hooks
[INFO ] 2024-06-27 21:57:08.881 - Init Page Driver
[INFO ] 2024-06-27 21:57:22.968 - In Hooks
[INFO ] 2024-06-27 22:09:44.431 - Init Page Driver
[INFO ] 2024-06-27 22:10:43.871 - Init Page Driver
[INFO ] 2024-06-27 22:11:04.484 - In Hooks
[INFO ] 2024-06-27 22:13:09.815 - Init Page Driver
[INFO ] 2024-06-27 22:13:22.061 - In Hooks
[INFO ] 2024-06-27 22:18:00.648 - Init Page Driver
[INFO ] 2024-06-27 22:18:15.107 - In Hooks
[INFO ] 2024-06-27 22:21:26.966 - Init Page Driver
[INFO ] 2024-06-27 22:21:38.861 - In Hooks
[INFO ] 2024-06-27 22:21:50.082 - Dashboard
[INFO ] 2024-06-27 22:22:49.246 - Init Page Driver
[INFO ] 2024-06-27 22:22:58.771 - In Hooks
[INFO ] 2024-06-27 22:23:09.962 - Dashboard
[INFO ] 2024-06-27 22:59:03.448 - Init Page Driver
[INFO ] 2024-06-27 22:59:15.272 - In Hooks
[INFO ] 2024-06-27 22:59:26.497 - Dashboard
[INFO ] 2024-06-27 23:01:57.933 - Init Page Driver
[INFO ] 2024-06-27 23:02:07.437 - In Hooks
[INFO ] 2024-06-27 23:02:18.602 - Dashboard
[INFO ] 2024-06-27 23:18:54.084 - Init Page Driver
[INFO ] 2024-06-27 23:19:05.179 - In Hooks
[INFO ] 2024-06-27 23:19:20.548 - Init Page Driver
[INFO ] 2024-06-27 23:19:30.985 - In Hooks
[INFO ] 2024-06-27 23:20:39.579 - Init Page Driver
[INFO ] 2024-06-27 23:20:49.350 - In Hooks
[INFO ] 2024-06-27 23:21:04.968 - Init Page Driver
[INFO ] 2024-06-27 23:21:14.747 - In Hooks
[INFO ] 2024-06-27 23:32:40.505 - Init Page Driver
[INFO ] 2024-06-27 23:32:51.278 - In Hooks
[INFO ] 2024-06-27 23:33:11.178 - Init Page Driver
[INFO ] 2024-06-27 23:33:22.473 - In Hooks
[INFO ] 2024-06-27 23:34:05.739 - Init Page Driver
[INFO ] 2024-06-27 23:34:17.647 - In Hooks
[INFO ] 2024-06-28 11:51:41.659 - Init Page Driver
[INFO ] 2024-06-28 11:51:44.199 - In Hooks
[INFO ] 2024-06-28 11:51:59.950 - Init Page Driver
[INFO ] 2024-06-28 11:52:02.716 - In Hooks
[INFO ] 2024-06-28 11:56:45.481 - Init Page Driver
[INFO ] 2024-06-28 11:56:48.137 - In Hooks
[INFO ] 2024-06-28 11:57:04.030 - Init Page Driver
[INFO ] 2024-06-28 11:57:07.148 - In Hooks
[INFO ] 2024-06-28 13:35:04.208 - Init Page Driver
[INFO ] 2024-06-28 13:35:07.018 - In Hooks
[INFO ] 2024-06-28 13:35:22.569 - Init Page Driver
[INFO ] 2024-06-28 13:35:25.825 - In Hooks
[INFO ] 2024-06-28 13:40:07.593 - Init Page Driver
[INFO ] 2024-06-28 13:40:10.565 - In Hooks
[INFO ] 2024-06-28 13:40:25.774 - Init Page Driver
[INFO ] 2024-06-28 13:40:29.095 - In Hooks
[INFO ] 2024-06-28 13:47:41.976 - Init Page Driver
[INFO ] 2024-06-28 13:47:44.704 - In Hooks
[INFO ] 2024-06-28 13:48:05.262 - Init Page Driver
[INFO ] 2024-06-28 13:48:08.080 - In Hooks
[INFO ] 2024-06-28 13:51:42.291 - Init Page Driver
[INFO ] 2024-06-28 13:51:44.879 - In Hooks
[INFO ] 2024-06-28 14:22:46.480 - Init Page Driver
[INFO ] 2024-06-28 14:22:49.705 - In Hooks
[INFO ] 2024-06-28 14:33:03.001 - Init Page Driver
[INFO ] 2024-06-28 14:33:05.675 - In Hooks
[INFO ] 2024-06-28 14:35:51.509 - Init Page Driver
[INFO ] 2024-06-28 14:35:54.110 - In Hooks
[INFO ] 2024-06-28 14:42:26.529 - Init Page Driver
[INFO ] 2024-06-28 14:42:29.105 - In Hooks
[INFO ] 2024-06-28 14:55:30.583 - Init Page Driver
[INFO ] 2024-06-28 14:55:33.223 - In Hooks
[INFO ] 2024-06-28 14:56:44.761 - Init Page Driver
[INFO ] 2024-06-28 14:56:47.558 - In Hooks
[INFO ] 2024-06-28 14:58:11.378 - Init Page Driver
[INFO ] 2024-06-28 14:58:14.326 - In Hooks
[INFO ] 2024-06-28 14:59:34.393 - Init Page Driver
[INFO ] 2024-06-28 14:59:37.491 - In Hooks
[INFO ] 2024-06-28 15:01:04.751 - Init Page Driver
[INFO ] 2024-06-28 15:01:08.025 - In Hooks
[INFO ] 2024-06-28 15:11:22.349 - Init Page Driver
[INFO ] 2024-06-28 15:11:25.655 - In Hooks
[INFO ] 2024-06-28 15:14:14.651 - Init Page Driver
[INFO ] 2024-06-28 15:14:17.462 - In Hooks
[INFO ] 2024-06-28 15:20:55.428 - Init Page Driver
[INFO ] 2024-06-28 15:21:06.894 - In Hooks
[INFO ] 2024-06-28 15:22:09.543 - Init Page Driver
[INFO ] 2024-06-28 15:22:15.530 - In Hooks
[INFO ] 2024-06-28 15:25:52.152 - Init Page Driver
[INFO ] 2024-06-28 15:25:58.435 - In Hooks
[INFO ] 2024-06-28 15:58:14.438 - Init Page Driver
[INFO ] 2024-06-28 15:58:20.646 - In Hooks
[INFO ] 2024-06-28 20:09:39.464 - Init Page Driver
[INFO ] 2024-06-28 20:09:40.984 - In Hooks
[INFO ] 2024-06-28 20:46:06.997 - Init Page Driver
[INFO ] 2024-06-28 20:46:08.954 - In Hooks
[INFO ] 2024-06-28 20:46:31.866 - Init Page Driver
[INFO ] 2024-06-28 20:46:32.810 - In Hooks
[INFO ] 2024-06-28 20:47:09.321 - Init Page Driver
[INFO ] 2024-06-28 20:47:10.214 - In Hooks
[INFO ] 2024-06-28 22:26:32.714 - Init Page Driver
[INFO ] 2024-06-28 22:26:33.858 - In Hooks
[INFO ] 2024-06-28 22:27:51.611 - Init Page Driver
[INFO ] 2024-06-28 22:27:52.434 - In Hooks
[INFO ] 2024-06-28 22:45:58.908 - Init Page Driver
[INFO ] 2024-06-28 22:46:01.242 - In Hooks
[INFO ] 2024-06-28 22:47:14.038 - Init Page Driver
[INFO ] 2024-06-28 22:47:15.000 - In Hooks
[INFO ] 2024-06-28 22:51:27.887 - Init Page Driver
[INFO ] 2024-06-28 22:52:38.754 - Init Page Driver
[INFO ] 2024-06-28 22:52:53.231 - In Hooks
[INFO ] 2024-06-28 22:54:42.419 - Init Page Driver
[INFO ] 2024-06-29 15:13:20.964 - Init Page Driver
[INFO ] 2024-06-29 15:13:21.923 - In Hooks
[INFO ] 2024-06-29 15:17:23.864 - Init Page Driver
[INFO ] 2024-06-29 15:17:24.803 - In Hooks
[INFO ] 2024-06-29 15:18:01.161 - Init Page Driver
[INFO ] 2024-06-29 15:18:02.177 - In Hooks
[INFO ] 2024-06-29 15:21:11.901 - Init Page Driver
[INFO ] 2024-06-29 15:21:12.975 - In Hooks
[INFO ] 2024-06-29 15:22:12.565 - Init Page Driver
[INFO ] 2024-06-29 15:22:13.524 - In Hooks
[INFO ] 2024-06-29 15:23:47.721 - Init Page Driver
[INFO ] 2024-06-29 15:23:48.780 - In Hooks
[INFO ] 2024-06-29 15:30:50.393 - Init Page Driver
[INFO ] 2024-06-29 15:31:56.600 - Init Page Driver
[INFO ] 2024-06-29 15:31:56.681 - "https://tutorialsninja.com/demo/
[INFO ] 2024-06-29 15:32:37.509 - Init Page Driver
[INFO ] 2024-06-29 15:32:37.641 - https://tutorialsninja.com/demo/
[INFO ] 2024-06-29 15:32:40.566 - In Hooks
[INFO ] 2024-06-29 15:47:10.276 - Init Page Driver
[INFO ] 2024-06-29 15:47:10.334 - https://tutorialsninja.com/demo/
[INFO ] 2024-06-29 15:47:11.383 - In Hooks
[INFO ] 2024-06-29 15:47:57.605 - Init Page Driver
[INFO ] 2024-06-29 15:47:57.661 - https://tutorialsninja.com/demo/
[INFO ] 2024-06-29 15:47:58.627 - In Hooks
[INFO ] 2024-06-29 15:47:59.457 - Got Screenshot
[INFO ] 2024-06-29 15:50:22.607 - Init Page Driver
[INFO ] 2024-06-29 15:50:22.663 - https://tutorialsninja.com/demo/
[INFO ] 2024-06-29 15:50:23.622 - In Hooks
[INFO ] 2024-06-29 15:50:24.933 - Got Screenshot
[INFO ] 2024-06-29 15:52:20.332 - Init Page Driver
[INFO ] 2024-06-29 15:52:20.435 - https://tutorialsninja.com/demo/
[INFO ] 2024-06-29 15:52:21.340 - In Hooks
[INFO ] 2024-06-29 15:52:22.903 - Got Screenshot
[INFO ] 2024-06-29 15:54:13.924 - Init Page Driver
[INFO ] 2024-06-29 15:54:14.001 - https://tutorialsninja.com/demo/
[INFO ] 2024-06-29 15:54:14.954 - In Hooks
[INFO ] 2024-06-29 15:54:16.894 - Got Screenshot
[INFO ] 2024-06-29 16:38:50.103 - Init Page Driver
[INFO ] 2024-06-29 16:38:50.190 - https://tutorialsninja.com/demo/
[INFO ] 2024-06-29 16:38:51.181 - In Hooks
[INFO ] 2024-06-29 16:38:52.471 - Got Screenshot
[INFO ] 2024-06-29 16:40:30.592 - Init Page Driver
[INFO ] 2024-06-29 16:40:30.680 - https://tutorialsninja.com/demo/
[INFO ] 2024-06-29 16:40:31.735 - In Hooks
[INFO ] 2024-06-29 16:40:33.143 - Got Screenshot
[INFO ] 2024-06-29 16:44:07.217 - Init Page Driver
[INFO ] 2024-06-29 16:44:07.265 - https://tutorialsninja.com/demo/
[INFO ] 2024-06-29 16:44:08.077 - In Hooks
[INFO ] 2024-06-29 16:44:09.113 - Got Screenshot
[INFO ] 2024-06-29 16:45:26.729 - Init Page Driver
[INFO ] 2024-06-29 16:45:26.782 - https://tutorialsninja.com/demo/
[INFO ] 2024-06-29 16:45:27.557 - In Hooks
[INFO ] 2024-06-29 16:45:28.490 - Got Screenshot
[INFO ] 2024-06-29 16:45:29.121 - Got Screenshot
[INFO ] 2024-06-29 16:48:42.841 - Init Page Driver
[INFO ] 2024-06-29 16:48:42.889 - https://tutorialsninja.com/demo/
[INFO ] 2024-06-29 16:48:43.744 - In Hooks
[INFO ] 2024-06-29 16:48:44.761 - Got Screenshot
[INFO ] 2024-06-29 16:48:45.509 - Got Screenshot
[INFO ] 2024-06-29 17:41:56.988 - Init Page Driver
[INFO ] 2024-06-29 17:41:57.053 - https://tutorialsninja.com/demo/
[INFO ] 2024-06-29 17:41:59.263 - In Hooks
[INFO ] 2024-06-29 17:42:00.603 - Got Screenshot
[INFO ] 2024-06-29 17:42:01.937 - Got Screenshot
[INFO ] 2024-06-29 17:45:19.814 - Init Page Driver
[INFO ] 2024-06-29 17:45:19.910 - https://tutorialsninja.com/demo/
[INFO ] 2024-06-29 17:45:20.943 - In Hooks
[INFO ] 2024-06-29 17:45:22.736 - Got Screenshot
[INFO ] 2024-06-29 17:45:23.416 - mohammad.kuphal@yahoo.com
[INFO ] 2024-06-29 17:45:24.501 - Got Screenshot
[INFO ] 2024-06-29 17:47:10.077 - Init Page Driver
[INFO ] 2024-06-29 17:47:10.130 - https://tutorialsninja.com/demo/
[INFO ] 2024-06-29 17:47:11.180 - In Hooks
[INFO ] 2024-06-29 17:47:12.688 - Got Screenshot
[INFO ] 2024-06-29 17:47:13.067 - van.veum@hotmail.com
[INFO ] 2024-06-29 17:47:14.346 - Got Screenshot
[INFO ] 2024-06-29 17:51:45.035 - Init Page Driver
[INFO ] 2024-06-29 17:51:45.092 - https://tutorialsninja.com/demo/
[INFO ] 2024-06-29 17:51:48.109 - In Hooks
[INFO ] 2024-06-29 17:51:49.376 - Got Screenshot
[INFO ] 2024-06-29 17:51:50.147 - kendrick.franecki@hotmail.com
[INFO ] 2024-06-29 17:51:50.913 - null//*[@name="j_password"]
[INFO ] 2024-06-29 17:51:51.288 - Got Screenshot
[INFO ] 2024-06-29 17:56:49.693 - Init Page Driver
[INFO ] 2024-06-29 17:56:49.740 - https://tutorialsninja.com/demo/
[INFO ] 2024-06-29 17:56:50.795 - In Hooks
[INFO ] 2024-06-29 17:56:52.056 - Got Screenshot
[INFO ] 2024-06-29 17:56:52.431 - davonte.hintz@hotmail.com
[INFO ] 2024-06-29 17:56:53.190 - null //*[@name="j_password"]
[INFO ] 2024-06-29 17:56:53.465 - Got Screenshot
[INFO ] 2024-06-29 19:31:05.011 - Init Page Driver
[INFO ] 2024-06-29 19:31:05.143 - https://tutorialsninja.com/demo/
[INFO ] 2024-06-29 19:31:07.356 - In Hooks
[INFO ] 2024-06-29 19:31:08.663 - Got Screenshot
[INFO ] 2024-06-29 19:31:09.028 - novella.price@gmail.com
[INFO ] 2024-06-29 19:31:09.972 - craig.davis@yahoo.com zwps2vv8
[INFO ] 2024-06-29 19:31:10.333 - Got Screenshot
[INFO ] 2024-06-29 19:41:55.912 - Init Page Driver
[INFO ] 2024-06-29 19:41:56.037 - https://tutorialsninja.com/demo/
[INFO ] 2024-06-29 19:41:57.090 - In Hooks
[INFO ] 2024-06-29 19:41:58.266 - Got Screenshot
[INFO ] 2024-06-29 19:41:58.642 - melissa.baumbach@gmail.com
[INFO ] 2024-06-29 19:41:59.434 - keith.turner@yahoo.com fo2p34j5
[INFO ] 2024-06-29 19:41:59.659 - Got Screenshot
[INFO ] 2024-06-29 19:44:00.323 - Init Page Driver
[INFO ] 2024-06-29 19:44:00.630 - https://tutorialsninja.com/demo/
[INFO ] 2024-06-29 19:44:01.738 - In Hooks
[INFO ] 2024-06-29 19:44:03.160 - Got Screenshot
[INFO ] 2024-06-29 19:44:03.981 - jany.kuhlman@yahoo.com
[INFO ] 2024-06-29 19:44:04.769 - donald.macejkovic@gmail.com kixltn9it4bb1
[INFO ] 2024-06-29 19:44:04.990 - Got Screenshot
[INFO ] 2024-06-29 19:52:34.120 - Init Page Driver
[INFO ] 2024-06-29 19:52:34.275 - https://tutorialsninja.com/demo/
[INFO ] 2024-06-29 19:52:35.376 - In Hooks
[INFO ] 2024-06-29 19:52:36.772 - Got Screenshot
[INFO ] 2024-06-29 19:52:37.125 - bettie.boyer@gmail.com
[INFO ] 2024-06-29 19:52:37.898 - earnestine.rempel@gmail.com as2wkj9y2maf
[INFO ] 2024-06-29 19:52:38.128 - Got Screenshot
[INFO ] 2024-06-29 19:55:32.031 - Init Page Driver
[INFO ] 2024-06-29 19:55:32.335 - https://tutorialsninja.com/demo/
[INFO ] 2024-06-29 19:55:33.643 - In Hooks
[INFO ] 2024-06-29 19:55:35.110 - Got Screenshot
[INFO ] 2024-06-29 19:55:35.828 - mallory.johnson@hotmail.com
[INFO ] 2024-06-29 19:55:36.768 - nicola.beier@yahoo.com hkcuhn4ufld
[INFO ] 2024-06-29 19:55:37.019 - Got Screenshot
[INFO ] 2024-06-29 19:57:20.787 - Init Page Driver
[INFO ] 2024-06-29 19:57:20.939 - https://tutorialsninja.com/demo/
[INFO ] 2024-06-29 19:57:21.960 - In Hooks
[INFO ] 2024-06-29 19:57:23.255 - Got Screenshot
[INFO ] 2024-06-29 19:57:23.615 - eric.christiansen@yahoo.com
[INFO ] 2024-06-29 19:57:24.349 - rashad.turner@hotmail.com 7ubnycy6d
[INFO ] 2024-06-29 19:57:24.618 - Got Screenshot
[INFO ] 2024-06-29 19:58:43.972 - Init Page Driver
[INFO ] 2024-06-29 19:58:44.133 - https://tutorialsninja.com/demo/
[INFO ] 2024-06-29 19:58:45.049 - In Hooks
[INFO ] 2024-06-29 19:58:46.482 - Got Screenshot
[INFO ] 2024-06-29 19:58:46.853 - rosamond.sporer@hotmail.com
[INFO ] 2024-06-29 19:58:47.564 - herta.fahey@hotmail.com yoq6qqny67cvnt
[INFO ] 2024-06-29 19:58:47.808 - Got Screenshot
[INFO ] 2024-06-29 19:59:47.370 - Init Page Driver
[INFO ] 2024-06-29 19:59:47.499 - https://tutorialsninja.com/demo/
[INFO ] 2024-06-29 19:59:48.610 - In Hooks
[INFO ] 2024-06-29 19:59:50.117 - Got Screenshot
[INFO ] 2024-06-29 19:59:50.478 - chris.gulgowski@yahoo.com
[INFO ] 2024-06-29 19:59:51.233 - alison.rippin@gmail.com 9kv17reh3008n8z
[INFO ] 2024-06-29 19:59:51.496 - Got Screenshot
[INFO ] 2024-06-29 20:01:24.108 - Init Page Driver
[INFO ] 2024-06-29 20:01:24.244 - https://tutorialsninja.com/demo/
[INFO ] 2024-06-29 20:01:25.259 - In Hooks
[INFO ] 2024-06-29 20:01:26.737 - Got Screenshot
[INFO ] 2024-06-29 20:01:27.152 - ayla.hahn@hotmail.com
[INFO ] 2024-06-29 20:01:27.872 - chaz.predovic@gmail.com e3mbikn8
[INFO ] 2024-06-29 20:01:28.113 - Got Screenshot
[INFO ] 2024-06-29 20:03:27.726 - Init Page Driver
[INFO ] 2024-06-29 20:03:27.871 - https://tutorialsninja.com/demo/
[INFO ] 2024-06-29 20:03:28.919 - In Hooks
[INFO ] 2024-06-29 20:03:30.450 - Got Screenshot
[INFO ] 2024-06-29 20:03:30.788 - joaquin.ohara@hotmail.com
[INFO ] 2024-06-29 20:04:25.444 - Init Page Driver
[INFO ] 2024-06-29 20:04:25.601 - https://tutorialsninja.com/demo/
[INFO ] 2024-06-29 20:04:26.525 - In Hooks
[INFO ] 2024-06-29 20:04:27.964 - Got Screenshot
[INFO ] 2024-06-29 20:04:28.347 - macie.ullrich@gmail.com
[INFO ] 2024-06-29 20:22:40.491 - Init Page Driver
[INFO ] 2024-06-29 20:22:40.634 - null
[INFO ] 2024-06-29 20:23:48.905 - Init Page Driver
[INFO ] 2024-06-29 20:23:49.035 - https://tutorialsninja.com/demo/
[INFO ] 2024-06-29 20:23:50.988 - In Hooks
[INFO ] 2024-06-29 20:23:52.179 - Got Screenshot
[INFO ] 2024-06-29 20:23:52.532 - carlie.heathcote@hotmail.com
[INFO ] 2024-06-29 20:23:53.580 - will.schroeder@gmail.com xodjmcc1ora0fl
[INFO ] 2024-06-29 20:23:54.002 - Got Screenshot
[INFO ] 2024-06-29 20:23:54.193 - Got Screenshot
[INFO ] 2024-06-29 20:28:51.103 - Init Page Driver
[INFO ] 2024-06-29 20:28:51.246 - https://tutorialsninja.com/demo/
[INFO ] 2024-06-29 20:28:53.430 - In Hooks
[INFO ] 2024-06-29 20:28:54.861 - Got Screenshot
[INFO ] 2024-06-29 20:28:55.337 - janet.murazik@hotmail.com
[INFO ] 2024-06-29 20:28:56.503 - harrison.larson@hotmail.com rcfrt4gmuyo2r
[INFO ] 2024-06-29 20:28:56.818 - Got Screenshot
[INFO ] 2024-06-29 20:28:57.089 - Got Screenshot
[INFO ] 2024-06-29 20:39:17.798 - Init Page Driver
[INFO ] 2024-06-29 20:39:17.951 - https://tutorialsninja.com/demo/
[INFO ] 2024-06-29 20:39:20.414 - In Hooks
[INFO ] 2024-06-29 20:39:21.688 - Got Screenshot
[INFO ] 2024-06-29 20:39:22.052 - guido.ward@gmail.com
[INFO ] 2024-06-29 20:39:23.116 - beatrice.baumbach@gmail.com 68k6b1blx46
[INFO ] 2024-06-29 20:39:23.408 - Got Screenshot
[INFO ] 2024-06-29 20:39:23.647 - Got Screenshot
[INFO ] 2024-06-29 20:39:30.939 - Init Page Driver
[INFO ] 2024-06-29 20:39:30.943 - https://tutorialsninja.com/demo/
[INFO ] 2024-06-29 20:39:32.813 - In Hooks
[INFO ] 2024-06-29 20:39:34.229 - Got Screenshot
[INFO ] 2024-06-29 20:39:34.461 - alanis.leannon@yahoo.com
[INFO ] 2024-06-29 20:39:35.573 - rosie.bauch@yahoo.com 3ox6pwvgzp6o
[INFO ] 2024-06-29 20:39:35.820 - Got Screenshot
[INFO ] 2024-06-29 20:39:36.029 - Got Screenshot
[INFO ] 2024-06-29 21:10:57.298 - Init Page Driver
[INFO ] 2024-06-29 21:10:57.410 - https://tutorialsninja.com/demo/
[INFO ] 2024-06-29 21:10:58.327 - In Hooks
[INFO ] 2024-06-29 21:10:59.449 - Got Screenshot
[INFO ] 2024-06-29 21:10:59.795 - skye.jacobson@hotmail.com
[INFO ] 2024-06-29 21:11:00.726 - dakota.altenwerth@hotmail.com 93cfe9zj9eami92
[INFO ] 2024-06-29 21:11:00.954 - Got Screenshot
[INFO ] 2024-06-29 21:11:01.135 - Got Screenshot
[INFO ] 2024-06-29 21:13:38.538 - Init Page Driver
[INFO ] 2024-06-29 21:13:38.644 - https://tutorialsninja.com/demo/
[INFO ] 2024-06-29 21:13:40.461 - In Hooks
[INFO ] 2024-06-29 21:13:41.557 - Got Screenshot
[INFO ] 2024-06-29 21:13:41.883 - madelyn.morissette@yahoo.com
[INFO ] 2024-06-29 21:13:42.771 - rita.tremblay@hotmail.com 9of3tpbecb
[INFO ] 2024-06-29 21:13:43.014 - Got Screenshot
[INFO ] 2024-06-29 21:13:43.208 - Got Screenshot
[INFO ] 2024-06-29 21:14:59.649 - Init Page Driver
[INFO ] 2024-06-29 21:14:59.779 - https://tutorialsninja.com/demo/
[INFO ] 2024-06-29 21:15:01.673 - In Hooks
[INFO ] 2024-06-29 21:15:02.669 - Got Screenshot
[INFO ] 2024-06-29 21:15:02.982 - domenick.boyer@hotmail.com
[INFO ] 2024-06-29 21:15:04.466 - erika.mcdermott@gmail.com wzgjjhwiyco
[INFO ] 2024-06-29 21:15:04.680 - Got Screenshot
[INFO ] 2024-06-29 21:15:04.854 - Got Screenshot
[INFO ] 2024-06-29 21:18:50.724 - Init Page Driver
[INFO ] 2024-06-29 21:18:50.843 - https://tutorialsninja.com/demo/
[INFO ] 2024-06-29 21:18:52.740 - In Hooks
[INFO ] 2024-06-29 21:18:53.763 - Got Screenshot
[INFO ] 2024-06-29 21:18:54.071 - reta.kreiger@yahoo.com
[INFO ] 2024-06-29 21:18:54.970 - janis.quigley@hotmail.com x0adbwz9g4
[INFO ] 2024-06-29 21:18:55.180 - Got Screenshot
[INFO ] 2024-06-29 21:18:55.354 - Got Screenshot
[INFO ] 2024-06-29 21:21:24.481 - Init Page Driver
[INFO ] 2024-06-29 21:21:24.594 - https://tutorialsninja.com/demo/
[INFO ] 2024-06-29 21:21:26.561 - In Hooks
[INFO ] 2024-06-29 21:21:27.677 - Got Screenshot
[INFO ] 2024-06-29 21:21:27.978 - kaelyn.runolfsson@yahoo.com
[INFO ] 2024-06-29 21:21:28.822 - chadd.kilback@hotmail.com ocbtiygn3i3
[INFO ] 2024-06-29 21:21:29.035 - Got Screenshot
[INFO ] 2024-06-29 21:21:29.218 - Got Screenshot
[INFO ] 2024-06-29 21:50:00.294 - Init Page Driver
[INFO ] 2024-06-29 21:50:00.436 - https://tutorialsninja.com/demo/
[INFO ] 2024-06-29 21:50:03.481 - In Hooks
[INFO ] 2024-06-29 21:50:03.488 - Launched browser
[INFO ] 2024-06-29 21:51:44.278 - Init Page Driver
[INFO ] 2024-06-29 21:51:44.422 - https://tutorialsninja.com/demo/
[INFO ] 2024-06-29 21:51:46.419 - In Hooks
[INFO ] 2024-06-29 21:51:46.423 - Launched browser
[INFO ] 2024-06-29 21:52:54.088 - Init Page Driver
[INFO ] 2024-06-29 21:52:54.222 - https://tutorialsninja.com/demo/
[INFO ] 2024-06-29 21:52:55.540 - In Hooks
[INFO ] 2024-06-29 21:52:55.545 - Launched browser
[INFO ] 2024-06-29 22:03:48.031 - Init Page Driver
[INFO ] 2024-06-29 22:03:48.158 - https://tutorialsninja.com/demo/
[INFO ] 2024-06-29 22:03:50.351 - In Hooks
[INFO ] 2024-06-29 22:03:50.355 - Launched browser
[INFO ] 2024-06-29 22:05:41.460 - Init Page Driver
[INFO ] 2024-06-29 22:05:41.585 - https://tutorialsninja.com/demo/
[INFO ] 2024-06-29 22:05:43.709 - In Hooks
[INFO ] 2024-06-29 22:05:43.715 - Launched browser
[INFO ] 2024-06-29 22:30:02.896 - Init Page Driver
[INFO ] 2024-06-29 22:30:03.029 - https://tutorialsninja.com/demo/
[INFO ] 2024-06-29 22:30:07.045 - In Hooks
[INFO ] 2024-06-29 22:30:07.058 - Launched browser
[INFO ] 2024-06-29 22:37:44.366 - Init Page Driver
[INFO ] 2024-06-29 22:37:44.496 - https://tutorialsninja.com/demo/
[INFO ] 2024-06-29 22:37:47.618 - +++++++++++++++++++++++++SCENARIO STARTED+++++++++++++++++++++++++
[INFO ] 2024-06-29 22:37:47.618 - +++++++++++++++++++++++++Login and logout user+++++++++++++++++++++++++
[INFO ] 2024-06-29 22:37:47.619 - Driver initied
[INFO ] 2024-06-29 22:37:47.626 - Launched browser
[INFO ] 2024-06-29 22:38:03.578 - Page Driver Closed
[INFO ] 2024-06-29 22:38:03.578 - Driver Closed
[INFO ] 2024-06-29 22:38:03.578 - +++++++++++++++++++++++++SCENARIO END+++++++++++++++++++++++++
[INFO ] 2024-06-29 22:40:56.018 - Init Page Driver
[INFO ] 2024-06-29 22:40:56.198 - https://tutorialsninja.com/demo/
[INFO ] 2024-06-29 22:40:58.155 - +++++++++++++++++++++++++SCENARIO STARTED+++++++++++++++++++++++++
[INFO ] 2024-06-29 22:40:58.155 - +++++++++++++++++++++++++Login and logout user+++++++++++++++++++++++++
[INFO ] 2024-06-29 22:40:58.155 - Driver initied
[INFO ] 2024-06-29 22:40:58.162 - Launched browser
[INFO ] 2024-06-29 22:41:10.916 - Page Driver Closed
[INFO ] 2024-06-29 22:41:10.916 - Driver Closed
[INFO ] 2024-06-29 22:41:10.916 - +++++++++++++++++++++++++SCENARIO END+++++++++++++++++++++++++
[INFO ] 2024-06-29 22:41:45.810 - Init Page Driver
[INFO ] 2024-06-29 22:41:45.924 - https://tutorialsninja.com/demo/
[INFO ] 2024-06-29 22:41:47.978 - +++++++++++++++++++++++++SCENARIO STARTED+++++++++++++++++++++++++
[INFO ] 2024-06-29 22:41:47.979 - +++++++++++++++++++++++++Login and logout user+++++++++++++++++++++++++
[INFO ] 2024-06-29 22:41:47.979 - Driver initied
[INFO ] 2024-06-29 22:41:47.983 - Launched browser
[INFO ] 2024-06-29 22:42:00.374 - Page Driver Closed
[INFO ] 2024-06-29 22:42:00.375 - Driver Closed
[INFO ] 2024-06-29 22:42:00.375 - +++++++++++++++++++++++++SCENARIO END+++++++++++++++++++++++++
[INFO ] 2024-07-01 09:17:09.413 - Init Page Driver
[INFO ] 2024-07-01 09:17:09.650 - https://tutorialsninja.com/demo/
[INFO ] 2024-07-01 09:17:12.919 - +++++++++++++++++++++++++SCENARIO STARTED+++++++++++++++++++++++++
[INFO ] 2024-07-01 09:17:12.919 - +++++++++++++++++++++++++Login and logout user+++++++++++++++++++++++++
[INFO ] 2024-07-01 09:17:12.919 - Driver initied
[INFO ] 2024-07-01 09:17:12.923 - Launched browser
[INFO ] 2024-07-01 09:17:26.053 - Page Driver Closed
[INFO ] 2024-07-01 09:17:26.053 - Driver Closed
[INFO ] 2024-07-01 09:17:26.053 - +++++++++++++++++++++++++SCENARIO END+++++++++++++++++++++++++
[INFO ] 2024-07-01 10:37:33.753 - Init Page Driver
[INFO ] 2024-07-01 10:37:33.946 - https://tutorialsninja.com/demo/
[INFO ] 2024-07-01 10:37:37.708 - +++++++++++++++++++++++++SCENARIO STARTED+++++++++++++++++++++++++
[INFO ] 2024-07-01 10:37:37.709 - +++++++++++++++++++++++++Login and logout user+++++++++++++++++++++++++
[INFO ] 2024-07-01 10:37:37.709 - Driver initied
[INFO ] 2024-07-01 10:37:37.731 - Launched browser
[INFO ] 2024-07-01 10:37:50.750 - Page Driver Closed
[INFO ] 2024-07-01 10:37:50.750 - Driver Closed
[INFO ] 2024-07-01 10:37:50.750 - +++++++++++++++++++++++++SCENARIO END+++++++++++++++++++++++++
[WARN ] 2024-07-01 10:37:51.709 - New fonts found, font cache will be re-built
[WARN ] 2024-07-01 10:37:51.710 - Building on-disk font cache, this may take a while
[WARN ] 2024-07-01 10:37:51.939 - Finished building on-disk font cache, found 162 fonts
[INFO ] 2024-07-01 10:48:33.659 - Init Page Driver
[INFO ] 2024-07-01 10:48:33.882 - https://tutorialsninja.com/demo/
[INFO ] 2024-07-01 10:48:37.730 - +++++++++++++++++++++++++SCENARIO STARTED+++++++++++++++++++++++++
[INFO ] 2024-07-01 10:48:37.731 - +++++++++++++++++++++++++Login and logout user+++++++++++++++++++++++++
[INFO ] 2024-07-01 10:48:37.731 - Driver initied
[INFO ] 2024-07-01 10:48:37.744 - Launched browser
[INFO ] 2024-07-01 10:48:50.097 - Page Driver Closed
[INFO ] 2024-07-01 10:48:50.098 - Driver Closed
[INFO ] 2024-07-01 10:48:50.098 - +++++++++++++++++++++++++SCENARIO END+++++++++++++++++++++++++
[INFO ] 2024-07-01 10:50:21.166 - Init Page Driver
[INFO ] 2024-07-01 10:50:21.368 - https://tutorialsninja.com/demo/
[INFO ] 2024-07-01 10:50:24.459 - +++++++++++++++++++++++++SCENARIO STARTED+++++++++++++++++++++++++
[INFO ] 2024-07-01 10:50:24.459 - +++++++++++++++++++++++++Register user+++++++++++++++++++++++++
[INFO ] 2024-07-01 10:50:24.460 - Driver initied
[INFO ] 2024-07-01 10:50:24.479 - Launched browser
[INFO ] 2024-07-01 10:50:25.821 - Got Screenshot
[INFO ] 2024-07-01 10:50:26.261 - kraig.prosacco@hotmail.com
[INFO ] 2024-07-01 10:50:27.640 - hal.schamberger@gmail.com we76glyem
[INFO ] 2024-07-01 10:50:27.911 - Got Screenshot
[INFO ] 2024-07-01 10:50:28.137 - Got Screenshot
[INFO ] 2024-07-01 10:50:28.598 - Page Driver Closed
[INFO ] 2024-07-01 10:50:28.598 - Driver Closed
[INFO ] 2024-07-01 10:50:28.599 - +++++++++++++++++++++++++SCENARIO END+++++++++++++++++++++++++
[INFO ] 2024-07-01 10:50:31.751 - Init Page Driver
[INFO ] 2024-07-01 10:50:31.758 - https://tutorialsninja.com/demo/
[INFO ] 2024-07-01 10:50:35.520 - +++++++++++++++++++++++++SCENARIO STARTED+++++++++++++++++++++++++
[INFO ] 2024-07-01 10:50:35.521 - +++++++++++++++++++++++++Login and logout user+++++++++++++++++++++++++
[INFO ] 2024-07-01 10:50:35.522 - Driver initied
[INFO ] 2024-07-01 10:50:35.523 - Launched browser
[INFO ] 2024-07-01 10:50:47.982 - Page Driver Closed
[INFO ] 2024-07-01 10:50:47.982 - Driver Closed
[INFO ] 2024-07-01 10:50:47.982 - +++++++++++++++++++++++++SCENARIO END+++++++++++++++++++++++++
[INFO ] 2024-07-01 10:51:40.361 - Init Page Driver
[INFO ] 2024-07-01 10:51:40.629 - https://tutorialsninja.com/demo/
[INFO ] 2024-07-01 10:51:44.907 - +++++++++++++++++++++++++SCENARIO STARTED+++++++++++++++++++++++++
[INFO ] 2024-07-01 10:51:44.907 - +++++++++++++++++++++++++Register user+++++++++++++++++++++++++
[INFO ] 2024-07-01 10:51:44.908 - Driver initied
[INFO ] 2024-07-01 10:51:44.932 - Launched browser
[INFO ] 2024-07-01 10:51:47.105 - Got Screenshot
[INFO ] 2024-07-01 10:51:48.736 - kennith.carroll@gmail.com
[INFO ] 2024-07-01 10:51:51.615 - lyric.schaefer@gmail.com kp82ve9g4m
[INFO ] 2024-07-01 10:51:52.218 - Got Screenshot
[INFO ] 2024-07-01 10:51:52.667 - Got Screenshot
[INFO ] 2024-07-01 10:51:54.246 - Page Driver Closed
[INFO ] 2024-07-01 10:51:54.246 - Driver Closed
[INFO ] 2024-07-01 10:51:54.246 - +++++++++++++++++++++++++SCENARIO END+++++++++++++++++++++++++
[INFO ] 2024-07-01 10:51:59.965 - Init Page Driver
[INFO ] 2024-07-01 10:51:59.980 - https://tutorialsninja.com/demo/
[INFO ] 2024-07-01 10:52:04.339 - +++++++++++++++++++++++++SCENARIO STARTED+++++++++++++++++++++++++
[INFO ] 2024-07-01 10:52:04.340 - +++++++++++++++++++++++++Login and logout user+++++++++++++++++++++++++
[INFO ] 2024-07-01 10:52:04.340 - Driver initied
[INFO ] 2024-07-01 10:52:04.343 - Launched browser
[INFO ] 2024-07-01 10:52:18.443 - Page Driver Closed
[INFO ] 2024-07-01 10:52:18.443 - Driver Closed
[INFO ] 2024-07-01 10:52:18.443 - +++++++++++++++++++++++++SCENARIO END+++++++++++++++++++++++++
[INFO ] 2024-07-01 11:01:02.262 - Init Page Driver
[INFO ] 2024-07-01 11:01:02.471 - https://tutorialsninja.com/demo/
[INFO ] 2024-07-01 11:01:06.213 - +++++++++++++++++++++++++SCENARIO STARTED+++++++++++++++++++++++++
[INFO ] 2024-07-01 11:01:06.213 - +++++++++++++++++++++++++Register user+++++++++++++++++++++++++
[INFO ] 2024-07-01 11:01:06.213 - Driver initied
[INFO ] 2024-07-01 11:01:06.229 - Launched browser
[INFO ] 2024-07-01 11:01:07.467 - Got Screenshot
[INFO ] 2024-07-01 11:01:07.774 - jolie.oberbrunner@gmail.com
[INFO ] 2024-07-01 11:01:09.223 - brooks.zulauf@yahoo.com uviccpdbj
[INFO ] 2024-07-01 11:01:09.468 - Got Screenshot
[INFO ] 2024-07-01 11:01:09.675 - Got Screenshot
[INFO ] 2024-07-01 11:01:10.077 - Page Driver Closed
[INFO ] 2024-07-01 11:01:10.077 - Driver Closed
[INFO ] 2024-07-01 11:01:10.077 - +++++++++++++++++++++++++SCENARIO END+++++++++++++++++++++++++
[INFO ] 2024-07-01 11:01:13.273 - Init Page Driver
[INFO ] 2024-07-01 11:01:13.283 - https://tutorialsninja.com/demo/
[INFO ] 2024-07-01 11:01:16.950 - +++++++++++++++++++++++++SCENARIO STARTED+++++++++++++++++++++++++
[INFO ] 2024-07-01 11:01:16.950 - +++++++++++++++++++++++++Login and logout user+++++++++++++++++++++++++
[INFO ] 2024-07-01 11:01:16.950 - Driver initied
[INFO ] 2024-07-01 11:01:16.952 - Launched browser
[INFO ] 2024-07-01 11:01:29.333 - Page Driver Closed
[INFO ] 2024-07-01 11:01:29.333 - Driver Closed
[INFO ] 2024-07-01 11:01:29.333 - +++++++++++++++++++++++++SCENARIO END+++++++++++++++++++++++++
[INFO ] 2024-07-01 13:26:42.606 - Init Page Driver
[INFO ] 2024-07-01 13:26:42.855 - https://tutorialsninja.com/demo/
[INFO ] 2024-07-01 13:26:46.811 - +++++++++++++++++++++++++SCENARIO STARTED+++++++++++++++++++++++++
[INFO ] 2024-07-01 13:26:46.811 - +++++++++++++++++++++++++Register user+++++++++++++++++++++++++
[INFO ] 2024-07-01 13:26:46.811 - Driver initied
[INFO ] 2024-07-01 13:26:46.830 - Launched browser
[INFO ] 2024-07-01 13:26:47.422 - Got Screenshot
[INFO ] 2024-07-01 13:26:47.759 - Got Screenshot
[INFO ] 2024-07-01 13:26:49.465 - Got Screenshot
[INFO ] 2024-07-01 13:26:49.744 - Got Screenshot
[INFO ] 2024-07-01 13:26:50.322 - minnie.cormier@gmail.com
[INFO ] 2024-07-01 13:26:51.900 - tracy.hegmann@yahoo.com s1s2dia60bphs3u
[INFO ] 2024-07-01 13:26:52.212 - Got Screenshot
[INFO ] 2024-07-01 13:26:52.459 - Got Screenshot
[INFO ] 2024-07-01 13:26:52.722 - Got Screenshot
[INFO ] 2024-07-01 13:26:53.254 - Page Driver Closed
[INFO ] 2024-07-01 13:26:53.254 - Driver Closed
[INFO ] 2024-07-01 13:26:53.254 - +++++++++++++++++++++++++SCENARIO END+++++++++++++++++++++++++
[INFO ] 2024-07-01 13:27:02.324 - Init Page Driver
[INFO ] 2024-07-01 13:27:02.329 - https://tutorialsninja.com/demo/
[INFO ] 2024-07-01 13:27:05.992 - +++++++++++++++++++++++++SCENARIO STARTED+++++++++++++++++++++++++
[INFO ] 2024-07-01 13:27:05.992 - +++++++++++++++++++++++++Login and logout user+++++++++++++++++++++++++
[INFO ] 2024-07-01 13:27:05.992 - Driver initied
[INFO ] 2024-07-01 13:27:05.993 - Launched browser
[INFO ] 2024-07-01 13:27:06.549 - Got Screenshot
[INFO ] 2024-07-01 13:27:06.904 - Got Screenshot
[INFO ] 2024-07-01 13:27:08.004 - Got Screenshot
[INFO ] 2024-07-01 13:27:18.331 - Got Screenshot
[INFO ] 2024-07-01 13:27:19.235 - Got Screenshot
[INFO ] 2024-07-01 13:27:19.589 - Got Screenshot
[INFO ] 2024-07-01 13:27:19.822 - Got Screenshot
[INFO ] 2024-07-01 13:27:20.762 - Got Screenshot
[INFO ] 2024-07-01 13:27:21.002 - Got Screenshot
[INFO ] 2024-07-01 13:27:21.610 - Page Driver Closed
[INFO ] 2024-07-01 13:27:21.611 - Driver Closed
[INFO ] 2024-07-01 13:27:21.611 - +++++++++++++++++++++++++SCENARIO END+++++++++++++++++++++++++
[INFO ] 2024-07-01 13:37:38.082 - Init Page Driver
[INFO ] 2024-07-01 13:37:38.341 - https://tutorialsninja.com/demo/
[INFO ] 2024-07-01 13:37:43.520 - +++++++++++++++++++++++++SCENARIO STARTED+++++++++++++++++++++++++
[INFO ] 2024-07-01 13:37:43.521 - +++++++++++++++++++++++++Register user+++++++++++++++++++++++++
[INFO ] 2024-07-01 13:37:43.521 - Driver initied
[INFO ] 2024-07-01 13:37:43.540 - Launched browser
[INFO ] 2024-07-01 13:37:44.099 - Got Screenshot
[INFO ] 2024-07-01 13:37:44.461 - Got Screenshot
[INFO ] 2024-07-01 13:37:46.028 - Got Screenshot
[INFO ] 2024-07-01 13:37:46.374 - Got Screenshot
[INFO ] 2024-07-01 13:37:47.033 - zoie.boyle@hotmail.com
[INFO ] 2024-07-01 13:37:48.526 - gaylord.koss@gmail.com dt75net3u7o7
[INFO ] 2024-07-01 13:37:48.809 - Got Screenshot
[INFO ] 2024-07-01 13:37:49.058 - Got Screenshot
[INFO ] 2024-07-01 13:37:49.332 - Got Screenshot
[INFO ] 2024-07-01 13:37:49.785 - Page Driver Closed
[INFO ] 2024-07-01 13:37:49.785 - Driver Closed
[INFO ] 2024-07-01 13:37:49.785 - +++++++++++++++++++++++++SCENARIO END+++++++++++++++++++++++++
[INFO ] 2024-07-01 13:37:52.881 - Init Page Driver
[INFO ] 2024-07-01 13:37:52.888 - https://tutorialsninja.com/demo/
[INFO ] 2024-07-01 13:37:56.638 - +++++++++++++++++++++++++SCENARIO STARTED+++++++++++++++++++++++++
[INFO ] 2024-07-01 13:37:56.638 - +++++++++++++++++++++++++Login and logout user+++++++++++++++++++++++++
[INFO ] 2024-07-01 13:37:56.638 - Driver initied
[INFO ] 2024-07-01 13:37:56.639 - Launched browser
[INFO ] 2024-07-01 13:37:57.170 - Got Screenshot
[INFO ] 2024-07-01 13:37:57.553 - Got Screenshot
[INFO ] 2024-07-01 13:37:58.496 - Got Screenshot
[INFO ] 2024-07-01 13:38:08.878 - Got Screenshot
[INFO ] 2024-07-01 13:38:09.768 - Got Screenshot
[INFO ] 2024-07-01 13:38:10.147 - Got Screenshot
[INFO ] 2024-07-01 13:38:10.414 - Got Screenshot
[INFO ] 2024-07-01 13:38:11.300 - Got Screenshot
[INFO ] 2024-07-01 13:38:11.534 - Got Screenshot
[INFO ] 2024-07-01 13:38:11.898 - Page Driver Closed
[INFO ] 2024-07-01 13:38:11.900 - Driver Closed
[INFO ] 2024-07-01 13:38:11.900 - +++++++++++++++++++++++++SCENARIO END+++++++++++++++++++++++++
